<?xml version="1.0" encoding="UTF-8"?>
<!-- Generated by org.testng.reporters.JUnitXMLReporter -->
<testsuite ignored="0" hostname="Alina" failures="1" tests="2" name="ChromeTest" time="7.12" errors="0" timestamp="2022-04-16T10:45:01 GET">
  <testcase classname="DataProviderTest" name="myTest" time="2.741"/>
  <testcase classname="DataProviderTest" name="myTest" time="0.013">
    <failure type="java.lang.AssertionError" message="expected [12] but found [2]">
      <![CDATA[java.lang.AssertionError: expected [12] but found [2]
at DataProviderTest.myTest(DataProviderTest.java:16)
at java.base/java.util.ArrayList.forEach(ArrayList.java:1540)
... Removed 37 stack frames]]>
    </failure>
  </testcase> <!-- myTest -->
</testsuite> <!-- ChromeTest -->
